# JRE version: OpenJDK Runtime Environment Temurin-17.0.5+8 (17.0.5+8) (build 17.0.5+8)
# Java VM: OpenJDK 64-Bit Server VM Temurin-17.0.5+8 (17.0.5+8, mixed mode, emulated-client, tiered, compressed oops, compressed class ptrs, g1 gc, windows-amd64)
GC Precious Log:
 CPUs: 8 total, 8 available
 Memory: 16263M
 Large Page Support: Disabled
 NUMA Support: Disabled
 Compressed Oops: Enabled (Zero based)
 Heap Region Size: 2M
 Heap Min Capacity: 8M
 Heap Initial Capacity: 256M
 Heap Max Capacity: 4066M
 Pre-touch: Disabled
 Parallel Workers: 8
 Concurrent Workers: 2
 Concurrent Refinement Workers: 8
 Periodic GC: Disabled
Heap:
 garbage-first heap   total 262144K, used 83513K [0x0000000701e00000, 0x0000000800000000)
  region size 2048K, 5 young (10240K), 5 survivors (10240K)
 Metaspace       used 40282K, committed 40768K, reserved 1089536K
  class space    used 5152K, committed 5376K, reserved 1048576K
GC Heap History (20 events):
Event: 3.679 GC heap after
{Heap after GC invocations=13 (full 0):
 garbage-first heap   total 75776K, used 34738K [0x0000000701e00000, 0x0000000800000000)
  region size 2048K, 2 young (4096K), 2 survivors (4096K)
 Metaspace       used 37990K, committed 38336K, reserved 1089536K
  class space    used 4923K, committed 5056K, reserved 1048576K
}
Event: 3.726 GC heap before
{Heap before GC invocations=13 (full 0):
 garbage-first heap   total 75776K, used 53170K [0x0000000701e00000, 0x0000000800000000)
  region size 2048K, 12 young (24576K), 2 survivors (4096K)
 Metaspace       used 38505K, committed 38912K, reserved 1089536K
  class space    used 4935K, committed 5120K, reserved 1048576K
}
Event: 3.731 GC heap after
{Heap after GC invocations=14 (full 0):
 garbage-first heap   total 112640K, used 39250K [0x0000000701e00000, 0x0000000800000000)
  region size 2048K, 2 young (4096K), 2 survivors (4096K)
 Metaspace       used 38505K, committed 38912K, reserved 1089536K
  class space    used 4935K, committed 5120K, reserved 1048576K
}
Event: 3.813 GC heap before
{Heap before GC invocations=14 (full 0):
 garbage-first heap   total 112640K, used 76114K [0x0000000701e00000, 0x0000000800000000)
  region size 2048K, 21 young (43008K), 2 survivors (4096K)
 Metaspace       used 38818K, committed 39296K, reserved 1089536K
  class space    used 4970K, committed 5184K, reserved 1048576K
}
Event: 3.820 GC heap after
{Heap after GC invocations=15 (full 0):
 garbage-first heap   total 112640K, used 50756K [0x0000000701e00000, 0x0000000800000000)
  region size 2048K, 3 young (6144K), 3 survivors (6144K)
 Metaspace       used 38818K, committed 39296K, reserved 1089536K
  class space    used 4970K, committed 5184K, reserved 1048576K
}
Event: 4.026 GC heap before
{Heap before GC invocations=15 (full 0):
 garbage-first heap   total 112640K, used 79428K [0x0000000701e00000, 0x0000000800000000)
  region size 2048K, 18 young (36864K), 3 survivors (6144K)
 Metaspace       used 39828K, committed 40320K, reserved 1089536K
  class space    used 5104K, committed 5312K, reserved 1048576K
}
Event: 4.033 GC heap after
{Heap after GC invocations=16 (full 0):
 garbage-first heap   total 112640K, used 57292K [0x0000000701e00000, 0x0000000800000000)
  region size 2048K, 3 young (6144K), 3 survivors (6144K)
 Metaspace       used 39828K, committed 40320K, reserved 1089536K
  class space    used 5104K, committed 5312K, reserved 1048576K
}
Event: 4.123 GC heap before
{Heap before GC invocations=16 (full 0):
 garbage-first heap   total 112640K, used 79820K [0x0000000701e00000, 0x0000000800000000)
  region size 2048K, 15 young (30720K), 3 survivors (6144K)
 Metaspace       used 40177K, committed 40576K, reserved 1089536K
  class space    used 5137K, committed 5312K, reserved 1048576K
}
Event: 4.141 GC heap after
{Heap after GC invocations=17 (full 0):
 garbage-first heap   total 112640K, used 68248K [0x0000000701e00000, 0x0000000800000000)
  region size 2048K, 2 young (4096K), 2 survivors (4096K)
 Metaspace       used 40177K, committed 40576K, reserved 1089536K
  class space    used 5137K, committed 5312K, reserved 1048576K
}
Event: 4.171 GC heap before
{Heap before GC invocations=17 (full 0):
 garbage-first heap   total 112640K, used 80536K [0x0000000701e00000, 0x0000000800000000)
  region size 2048K, 9 young (18432K), 2 survivors (4096K)
 Metaspace       used 40181K, committed 40704K, reserved 1089536K
  class space    used 5139K, committed 5376K, reserved 1048576K
}
Event: 4.177 GC heap after
{Heap after GC invocations=18 (full 0):
 garbage-first heap   total 225280K, used 69954K [0x0000000701e00000, 0x0000000800000000)
  region size 2048K, 1 young (2048K), 1 survivors (2048K)
 Metaspace       used 40181K, committed 40704K, reserved 1089536K
  class space    used 5139K, committed 5376K, reserved 1048576K
}
Event: 4.231 GC heap before
{Heap before GC invocations=18 (full 0):
 garbage-first heap   total 225280K, used 145730K [0x0000000701e00000, 0x0000000800000000)
  region size 2048K, 39 young (79872K), 1 survivors (2048K)
 Metaspace       used 40208K, committed 40704K, reserved 1089536K
  class space    used 5146K, committed 5376K, reserved 1048576K
}
Event: 4.233 GC heap after
{Heap after GC invocations=19 (full 0):
 garbage-first heap   total 225280K, used 72654K [0x0000000701e00000, 0x0000000800000000)
  region size 2048K, 2 young (4096K), 2 survivors (4096K)
 Metaspace       used 40208K, committed 40704K, reserved 1089536K
  class space    used 5146K, committed 5376K, reserved 1048576K
}
Event: 4.265 GC heap before
{Heap before GC invocations=20 (full 0):
 garbage-first heap   total 225280K, used 164814K [0x0000000701e00000, 0x0000000800000000)
  region size 2048K, 48 young (98304K), 2 survivors (4096K)
 Metaspace       used 40282K, committed 40768K, reserved 1089536K
  class space    used 5152K, committed 5376K, reserved 1048576K
}
Event: 4.269 GC heap after
{Heap after GC invocations=21 (full 0):
 garbage-first heap   total 225280K, used 76508K [0x0000000701e00000, 0x0000000800000000)
  region size 2048K, 4 young (8192K), 4 survivors (8192K)
 Metaspace       used 40282K, committed 40768K, reserved 1089536K
  class space    used 5152K, committed 5376K, reserved 1048576K
}
Event: 4.270 GC heap before
{Heap before GC invocations=21 (full 0):
 garbage-first heap   total 225280K, used 76508K [0x0000000701e00000, 0x0000000800000000)
  region size 2048K, 5 young (10240K), 4 survivors (8192K)
 Metaspace       used 40282K, committed 40768K, reserved 1089536K
  class space    used 5152K, committed 5376K, reserved 1048576K
}
Event: 4.273 GC heap after
{Heap after GC invocations=22 (full 0):
 garbage-first heap   total 225280K, used 76469K [0x0000000701e00000, 0x0000000800000000)
  region size 2048K, 1 young (2048K), 1 survivors (2048K)
 Metaspace       used 40282K, committed 40768K, reserved 1089536K
  class space    used 5152K, committed 5376K, reserved 1048576K
}
Event: 4.299 GC heap before
{Heap before GC invocations=22 (full 0):
 garbage-first heap   total 225280K, used 170677K [0x0000000701e00000, 0x0000000800000000)
  region size 2048K, 49 young (100352K), 1 survivors (2048K)
 Metaspace       used 40282K, committed 40768K, reserved 1089536K
  class space    used 5152K, committed 5376K, reserved 1048576K
}
Event: 4.301 GC heap after
{Heap after GC invocations=23 (full 0):
 garbage-first heap   total 225280K, used 79214K [0x0000000701e00000, 0x0000000800000000)
  region size 2048K, 2 young (4096K), 2 survivors (4096K)
 Metaspace       used 40282K, committed 40768K, reserved 1089536K
  class space    used 5152K, committed 5376K, reserved 1048576K
}
Event: 4.329 GC heap before
{Heap before GC invocations=23 (full 0):
 garbage-first heap   total 225280K, used 175470K [0x0000000701e00000, 0x0000000800000000)
  region size 2048K, 50 young (102400K), 2 survivors (4096K)
 Metaspace       used 40282K, committed 40768K, reserved 1089536K
  class space    used 5152K, committed 5376K, reserved 1048576K
}

