# JRE version: OpenJDK Runtime Environment Temurin-17.0.5+8 (17.0.5+8) (build 17.0.5+8)
# Java VM: OpenJDK 64-Bit Server VM Temurin-17.0.5+8 (17.0.5+8, mixed mode, emulated-client, tiered, compressed oops, compressed class ptrs, g1 gc, windows-amd64)
GC Precious Log:
 CPUs: 8 total, 8 available
 Memory: 16263M
 Large Page Support: Disabled
 NUMA Support: Disabled
 Compressed Oops: Enabled (Zero based)
 Heap Region Size: 2M
 Heap Min Capacity: 8M
 Heap Initial Capacity: 256M
 Heap Max Capacity: 4066M
 Pre-touch: Disabled
 Parallel Workers: 8
 Concurrent Workers: 2
 Concurrent Refinement Workers: 8
 Periodic GC: Disabled
Heap:
 garbage-first heap   total 131072K, used 37660K [0x0000000701e00000, 0x0000000800000000)
  region size 2048K, 1 young (2048K), 0 survivors (0K)
 Metaspace       used 61466K, committed 62080K, reserved 1105920K
  class space    used 8461K, committed 8704K, reserved 1048576K
GC Heap History (20 events):
Event: 157753.683 GC heap before
{Heap before GC invocations=3173 (full 3130):
 garbage-first heap   total 131072K, used 37660K [0x0000000701e00000, 0x0000000800000000)
  region size 2048K, 1 young (2048K), 0 survivors (0K)
 Metaspace       used 61466K, committed 62080K, reserved 1105920K
  class space    used 8461K, committed 8704K, reserved 1048576K
}
Event: 157753.727 GC heap after
{Heap after GC invocations=3174 (full 3131):
 garbage-first heap   total 131072K, used 37660K [0x0000000701e00000, 0x0000000800000000)
  region size 2048K, 0 young (0K), 0 survivors (0K)
 Metaspace       used 61466K, committed 62080K, reserved 1105920K
  class space    used 8461K, committed 8704K, reserved 1048576K
}
Event: 157763.950 GC heap before
{Heap before GC invocations=3174 (full 3131):
 garbage-first heap   total 131072K, used 37660K [0x0000000701e00000, 0x0000000800000000)
  region size 2048K, 1 young (2048K), 0 survivors (0K)
 Metaspace       used 61466K, committed 62080K, reserved 1105920K
  class space    used 8461K, committed 8704K, reserved 1048576K
}
Event: 157763.993 GC heap after
{Heap after GC invocations=3175 (full 3132):
 garbage-first heap   total 131072K, used 37660K [0x0000000701e00000, 0x0000000800000000)
  region size 2048K, 0 young (0K), 0 survivors (0K)
 Metaspace       used 61466K, committed 62080K, reserved 1105920K
  class space    used 8461K, committed 8704K, reserved 1048576K
}
Event: 157774.256 GC heap before
{Heap before GC invocations=3175 (full 3132):
 garbage-first heap   total 131072K, used 37660K [0x0000000701e00000, 0x0000000800000000)
  region size 2048K, 1 young (2048K), 0 survivors (0K)
 Metaspace       used 61466K, committed 62080K, reserved 1105920K
  class space    used 8461K, committed 8704K, reserved 1048576K
}
Event: 157774.301 GC heap after
{Heap after GC invocations=3176 (full 3133):
 garbage-first heap   total 131072K, used 37660K [0x0000000701e00000, 0x0000000800000000)
  region size 2048K, 0 young (0K), 0 survivors (0K)
 Metaspace       used 61466K, committed 62080K, reserved 1105920K
  class space    used 8461K, committed 8704K, reserved 1048576K
}
Event: 157784.866 GC heap before
{Heap before GC invocations=3176 (full 3133):
 garbage-first heap   total 131072K, used 37660K [0x0000000701e00000, 0x0000000800000000)
  region size 2048K, 1 young (2048K), 0 survivors (0K)
 Metaspace       used 61466K, committed 62080K, reserved 1105920K
  class space    used 8461K, committed 8704K, reserved 1048576K
}
Event: 157784.910 GC heap after
{Heap after GC invocations=3177 (full 3134):
 garbage-first heap   total 131072K, used 37660K [0x0000000701e00000, 0x0000000800000000)
  region size 2048K, 0 young (0K), 0 survivors (0K)
 Metaspace       used 61466K, committed 62080K, reserved 1105920K
  class space    used 8461K, committed 8704K, reserved 1048576K
}
Event: 157795.162 GC heap before
{Heap before GC invocations=3177 (full 3134):
 garbage-first heap   total 131072K, used 37660K [0x0000000701e00000, 0x0000000800000000)
  region size 2048K, 1 young (2048K), 0 survivors (0K)
 Metaspace       used 61466K, committed 62080K, reserved 1105920K
  class space    used 8461K, committed 8704K, reserved 1048576K
}
Event: 157795.207 GC heap after
{Heap after GC invocations=3178 (full 3135):
 garbage-first heap   total 131072K, used 37660K [0x0000000701e00000, 0x0000000800000000)
  region size 2048K, 0 young (0K), 0 survivors (0K)
 Metaspace       used 61466K, committed 62080K, reserved 1105920K
  class space    used 8461K, committed 8704K, reserved 1048576K
}
Event: 157805.463 GC heap before
{Heap before GC invocations=3178 (full 3135):
 garbage-first heap   total 131072K, used 37660K [0x0000000701e00000, 0x0000000800000000)
  region size 2048K, 1 young (2048K), 0 survivors (0K)
 Metaspace       used 61466K, committed 62080K, reserved 1105920K
  class space    used 8461K, committed 8704K, reserved 1048576K
}
Event: 157805.510 GC heap after
{Heap after GC invocations=3179 (full 3136):
 garbage-first heap   total 131072K, used 37660K [0x0000000701e00000, 0x0000000800000000)
  region size 2048K, 0 young (0K), 0 survivors (0K)
 Metaspace       used 61466K, committed 62080K, reserved 1105920K
  class space    used 8461K, committed 8704K, reserved 1048576K
}
Event: 157815.691 GC heap before
{Heap before GC invocations=3179 (full 3136):
 garbage-first heap   total 131072K, used 37660K [0x0000000701e00000, 0x0000000800000000)
  region size 2048K, 1 young (2048K), 0 survivors (0K)
 Metaspace       used 61466K, committed 62080K, reserved 1105920K
  class space    used 8461K, committed 8704K, reserved 1048576K
}
Event: 157815.734 GC heap after
{Heap after GC invocations=3180 (full 3137):
 garbage-first heap   total 131072K, used 37660K [0x0000000701e00000, 0x0000000800000000)
  region size 2048K, 0 young (0K), 0 survivors (0K)
 Metaspace       used 61466K, committed 62080K, reserved 1105920K
  class space    used 8461K, committed 8704K, reserved 1048576K
}
Event: 157825.916 GC heap before
{Heap before GC invocations=3180 (full 3137):
 garbage-first heap   total 131072K, used 37660K [0x0000000701e00000, 0x0000000800000000)
  region size 2048K, 1 young (2048K), 0 survivors (0K)
 Metaspace       used 61466K, committed 62080K, reserved 1105920K
  class space    used 8461K, committed 8704K, reserved 1048576K
}
Event: 157825.960 GC heap after
{Heap after GC invocations=3181 (full 3138):
 garbage-first heap   total 131072K, used 37660K [0x0000000701e00000, 0x0000000800000000)
  region size 2048K, 0 young (0K), 0 survivors (0K)
 Metaspace       used 61466K, committed 62080K, reserved 1105920K
  class space    used 8461K, committed 8704K, reserved 1048576K
}
Event: 157836.201 GC heap before
{Heap before GC invocations=3181 (full 3138):
 garbage-first heap   total 131072K, used 37660K [0x0000000701e00000, 0x0000000800000000)
  region size 2048K, 1 young (2048K), 0 survivors (0K)
 Metaspace       used 61466K, committed 62080K, reserved 1105920K
  class space    used 8461K, committed 8704K, reserved 1048576K
}
Event: 157836.251 GC heap after
{Heap after GC invocations=3182 (full 3139):
 garbage-first heap   total 131072K, used 37660K [0x0000000701e00000, 0x0000000800000000)
  region size 2048K, 0 young (0K), 0 survivors (0K)
 Metaspace       used 61466K, committed 62080K, reserved 1105920K
  class space    used 8461K, committed 8704K, reserved 1048576K
}
Event: 157846.494 GC heap before
{Heap before GC invocations=3182 (full 3139):
 garbage-first heap   total 131072K, used 37660K [0x0000000701e00000, 0x0000000800000000)
  region size 2048K, 1 young (2048K), 0 survivors (0K)
 Metaspace       used 61466K, committed 62080K, reserved 1105920K
  class space    used 8461K, committed 8704K, reserved 1048576K
}
Event: 157846.540 GC heap after
{Heap after GC invocations=3183 (full 3140):
 garbage-first heap   total 131072K, used 37660K [0x0000000701e00000, 0x0000000800000000)
  region size 2048K, 0 young (0K), 0 survivors (0K)
 Metaspace       used 61466K, committed 62080K, reserved 1105920K
  class space    used 8461K, committed 8704K, reserved 1048576K
}

