# JRE version: OpenJDK Runtime Environment Temurin-17.0.5+8 (17.0.5+8) (build 17.0.5+8)
# Java VM: OpenJDK 64-Bit Server VM Temurin-17.0.5+8 (17.0.5+8, mixed mode, emulated-client, tiered, compressed oops, compressed class ptrs, g1 gc, windows-amd64)
GC Precious Log:
 CPUs: 8 total, 8 available
 Memory: 16263M
 Large Page Support: Disabled
 NUMA Support: Disabled
 Compressed Oops: Enabled (Zero based)
 Heap Region Size: 2M
 Heap Min Capacity: 8M
 Heap Initial Capacity: 256M
 Heap Max Capacity: 4066M
 Pre-touch: Disabled
 Parallel Workers: 8
 Concurrent Workers: 2
 Concurrent Refinement Workers: 8
 Periodic GC: Disabled
Heap:
 garbage-first heap   total 299008K, used 99817K [0x0000000701e00000, 0x0000000800000000)
  region size 2048K, 7 young (14336K), 7 survivors (14336K)
 Metaspace       used 40026K, committed 40448K, reserved 1089536K
  class space    used 5131K, committed 5312K, reserved 1048576K
GC Heap History (20 events):
Event: 13.703 GC heap after
{Heap after GC invocations=14 (full 0):
 garbage-first heap   total 159744K, used 31529K [0x0000000701e00000, 0x0000000800000000)
  region size 2048K, 1 young (2048K), 1 survivors (2048K)
 Metaspace       used 36484K, committed 36928K, reserved 1081344K
  class space    used 4802K, committed 4992K, reserved 1048576K
}
Event: 14.001 GC heap before
{Heap before GC invocations=15 (full 0):
 garbage-first heap   total 137216K, used 109353K [0x0000000701e00000, 0x0000000800000000)
  region size 2048K, 39 young (79872K), 1 survivors (2048K)
 Metaspace       used 37881K, committed 38208K, reserved 1089536K
  class space    used 4929K, committed 5056K, reserved 1048576K
}
Event: 14.012 GC heap after
{Heap after GC invocations=16 (full 0):
 garbage-first heap   total 137216K, used 47399K [0x0000000701e00000, 0x0000000800000000)
  region size 2048K, 5 young (10240K), 5 survivors (10240K)
 Metaspace       used 37881K, committed 38208K, reserved 1089536K
  class space    used 4929K, committed 5056K, reserved 1048576K
}
Event: 14.302 GC heap before
{Heap before GC invocations=16 (full 0):
 garbage-first heap   total 137216K, used 84263K [0x0000000701e00000, 0x0000000800000000)
  region size 2048K, 24 young (49152K), 5 survivors (10240K)
 Metaspace       used 39488K, committed 39936K, reserved 1089536K
  class space    used 5045K, committed 5248K, reserved 1048576K
}
Event: 14.312 GC heap after
{Heap after GC invocations=17 (full 0):
 garbage-first heap   total 137216K, used 57496K [0x0000000701e00000, 0x0000000800000000)
  region size 2048K, 3 young (6144K), 3 survivors (6144K)
 Metaspace       used 39488K, committed 39936K, reserved 1089536K
  class space    used 5045K, committed 5248K, reserved 1048576K
}
Event: 14.383 GC heap before
{Heap before GC invocations=17 (full 0):
 garbage-first heap   total 137216K, used 92312K [0x0000000701e00000, 0x0000000800000000)
  region size 2048K, 21 young (43008K), 3 survivors (6144K)
 Metaspace       used 39645K, committed 40064K, reserved 1089536K
  class space    used 5063K, committed 5248K, reserved 1048576K
}
Event: 14.400 GC heap after
{Heap after GC invocations=18 (full 0):
 garbage-first heap   total 137216K, used 66492K [0x0000000701e00000, 0x0000000800000000)
  region size 2048K, 3 young (6144K), 3 survivors (6144K)
 Metaspace       used 39645K, committed 40064K, reserved 1089536K
  class space    used 5063K, committed 5248K, reserved 1048576K
}
Event: 14.411 GC heap before
{Heap before GC invocations=18 (full 0):
 garbage-first heap   total 137216K, used 97212K [0x0000000701e00000, 0x0000000800000000)
  region size 2048K, 19 young (38912K), 3 survivors (6144K)
 Metaspace       used 39681K, committed 40064K, reserved 1089536K
  class space    used 5071K, committed 5248K, reserved 1048576K
}
Event: 14.417 GC heap after
{Heap after GC invocations=19 (full 0):
 garbage-first heap   total 137216K, used 69373K [0x0000000701e00000, 0x0000000800000000)
  region size 2048K, 2 young (4096K), 2 survivors (4096K)
 Metaspace       used 39681K, committed 40064K, reserved 1089536K
  class space    used 5071K, committed 5248K, reserved 1048576K
}
Event: 14.427 GC heap before
{Heap before GC invocations=19 (full 0):
 garbage-first heap   total 137216K, used 100093K [0x0000000701e00000, 0x0000000800000000)
  region size 2048K, 18 young (36864K), 2 survivors (4096K)
 Metaspace       used 39763K, committed 40128K, reserved 1089536K
  class space    used 5080K, committed 5248K, reserved 1048576K
}
Event: 14.430 GC heap after
{Heap after GC invocations=20 (full 0):
 garbage-first heap   total 299008K, used 70230K [0x0000000701e00000, 0x0000000800000000)
  region size 2048K, 2 young (4096K), 2 survivors (4096K)
 Metaspace       used 39763K, committed 40128K, reserved 1089536K
  class space    used 5080K, committed 5248K, reserved 1048576K
}
Event: 14.522 GC heap before
{Heap before GC invocations=20 (full 0):
 garbage-first heap   total 299008K, used 191062K [0x0000000701e00000, 0x0000000800000000)
  region size 2048K, 62 young (126976K), 2 survivors (4096K)
 Metaspace       used 39922K, committed 40384K, reserved 1089536K
  class space    used 5113K, committed 5312K, reserved 1048576K
}
Event: 14.527 GC heap after
{Heap after GC invocations=21 (full 0):
 garbage-first heap   total 299008K, used 75282K [0x0000000701e00000, 0x0000000800000000)
  region size 2048K, 4 young (8192K), 4 survivors (8192K)
 Metaspace       used 39922K, committed 40384K, reserved 1089536K
  class space    used 5113K, committed 5312K, reserved 1048576K
}
Event: 14.593 GC heap before
{Heap before GC invocations=22 (full 0):
 garbage-first heap   total 299008K, used 214546K [0x0000000701e00000, 0x0000000800000000)
  region size 2048K, 73 young (149504K), 4 survivors (8192K)
 Metaspace       used 40004K, committed 40448K, reserved 1089536K
  class space    used 5127K, committed 5312K, reserved 1048576K
}
Event: 14.601 GC heap after
{Heap after GC invocations=23 (full 0):
 garbage-first heap   total 299008K, used 80718K [0x0000000701e00000, 0x0000000800000000)
  region size 2048K, 7 young (14336K), 7 survivors (14336K)
 Metaspace       used 40004K, committed 40448K, reserved 1089536K
  class space    used 5127K, committed 5312K, reserved 1048576K
}
Event: 14.663 GC heap before
{Heap before GC invocations=23 (full 0):
 garbage-first heap   total 299008K, used 222030K [0x0000000701e00000, 0x0000000800000000)
  region size 2048K, 77 young (157696K), 7 survivors (14336K)
 Metaspace       used 40018K, committed 40448K, reserved 1089536K
  class space    used 5130K, committed 5312K, reserved 1048576K
}
Event: 14.671 GC heap after
{Heap after GC invocations=24 (full 0):
 garbage-first heap   total 299008K, used 86815K [0x0000000701e00000, 0x0000000800000000)
  region size 2048K, 6 young (12288K), 6 survivors (12288K)
 Metaspace       used 40018K, committed 40448K, reserved 1089536K
  class space    used 5130K, committed 5312K, reserved 1048576K
}
Event: 14.734 GC heap before
{Heap before GC invocations=24 (full 0):
 garbage-first heap   total 299008K, used 230175K [0x0000000701e00000, 0x0000000800000000)
  region size 2048K, 77 young (157696K), 6 survivors (12288K)
 Metaspace       used 40026K, committed 40448K, reserved 1089536K
  class space    used 5131K, committed 5312K, reserved 1048576K
}
Event: 14.741 GC heap after
{Heap after GC invocations=25 (full 0):
 garbage-first heap   total 299008K, used 92718K [0x0000000701e00000, 0x0000000800000000)
  region size 2048K, 7 young (14336K), 7 survivors (14336K)
 Metaspace       used 40026K, committed 40448K, reserved 1089536K
  class space    used 5131K, committed 5312K, reserved 1048576K
}
Event: 14.794 GC heap before
{Heap before GC invocations=25 (full 0):
 garbage-first heap   total 299008K, used 234030K [0x0000000701e00000, 0x0000000800000000)
  region size 2048K, 77 young (157696K), 7 survivors (14336K)
 Metaspace       used 40026K, committed 40448K, reserved 1089536K
  class space    used 5131K, committed 5312K, reserved 1048576K
}

