# JRE version: OpenJDK Runtime Environment Temurin-17.0.5+8 (17.0.5+8) (build 17.0.5+8)
# Java VM: OpenJDK 64-Bit Server VM Temurin-17.0.5+8 (17.0.5+8, mixed mode, emulated-client, tiered, compressed oops, compressed class ptrs, g1 gc, windows-amd64)
GC Precious Log:
 CPUs: 8 total, 8 available
 Memory: 16263M
 Large Page Support: Disabled
 NUMA Support: Disabled
 Compressed Oops: Enabled (Zero based)
 Heap Region Size: 2M
 Heap Min Capacity: 8M
 Heap Initial Capacity: 256M
 Heap Max Capacity: 4066M
 Pre-touch: Disabled
 Parallel Workers: 8
 Concurrent Workers: 2
 Concurrent Refinement Workers: 8
 Periodic GC: Disabled
Heap:
 garbage-first heap   total 358400K, used 100988K [0x0000000701e00000, 0x0000000800000000)
  region size 2048K, 8 young (16384K), 8 survivors (16384K)
 Metaspace       used 40278K, committed 40768K, reserved 1089536K
  class space    used 5153K, committed 5376K, reserved 1048576K
GC Heap History (20 events):
Event: 3.935 GC heap after
{Heap after GC invocations=15 (full 0):
 garbage-first heap   total 141312K, used 47375K [0x0000000701e00000, 0x0000000800000000)
  region size 2048K, 2 young (4096K), 2 survivors (4096K)
 Metaspace       used 38858K, committed 39296K, reserved 1089536K
  class space    used 4979K, committed 5184K, reserved 1048576K
}
Event: 4.177 GC heap before
{Heap before GC invocations=16 (full 0):
 garbage-first heap   total 141312K, used 92431K [0x0000000701e00000, 0x0000000800000000)
  region size 2048K, 24 young (49152K), 2 survivors (4096K)
 Metaspace       used 40043K, committed 40512K, reserved 1089536K
  class space    used 5124K, committed 5312K, reserved 1048576K
}
Event: 4.187 GC heap after
{Heap after GC invocations=17 (full 0):
 garbage-first heap   total 141312K, used 54986K [0x0000000701e00000, 0x0000000800000000)
  region size 2048K, 3 young (6144K), 3 survivors (6144K)
 Metaspace       used 40043K, committed 40512K, reserved 1089536K
  class space    used 5124K, committed 5312K, reserved 1048576K
}
Event: 4.288 GC heap before
{Heap before GC invocations=17 (full 0):
 garbage-first heap   total 141312K, used 93898K [0x0000000701e00000, 0x0000000800000000)
  region size 2048K, 23 young (47104K), 3 survivors (6144K)
 Metaspace       used 40167K, committed 40704K, reserved 1089536K
  class space    used 5140K, committed 5376K, reserved 1048576K
}
Event: 4.308 GC heap after
{Heap after GC invocations=18 (full 0):
 garbage-first heap   total 141312K, used 67255K [0x0000000701e00000, 0x0000000800000000)
  region size 2048K, 3 young (6144K), 3 survivors (6144K)
 Metaspace       used 40167K, committed 40704K, reserved 1089536K
  class space    used 5140K, committed 5376K, reserved 1048576K
}
Event: 4.318 GC heap before
{Heap before GC invocations=18 (full 0):
 garbage-first heap   total 141312K, used 97975K [0x0000000701e00000, 0x0000000800000000)
  region size 2048K, 19 young (38912K), 3 survivors (6144K)
 Metaspace       used 40203K, committed 40704K, reserved 1089536K
  class space    used 5147K, committed 5376K, reserved 1048576K
}
Event: 4.324 GC heap after
{Heap after GC invocations=19 (full 0):
 garbage-first heap   total 141312K, used 70266K [0x0000000701e00000, 0x0000000800000000)
  region size 2048K, 1 young (2048K), 1 survivors (2048K)
 Metaspace       used 40203K, committed 40704K, reserved 1089536K
  class space    used 5147K, committed 5376K, reserved 1048576K
}
Event: 4.333 GC heap before
{Heap before GC invocations=19 (full 0):
 garbage-first heap   total 141312K, used 100986K [0x0000000701e00000, 0x0000000800000000)
  region size 2048K, 17 young (34816K), 1 survivors (2048K)
 Metaspace       used 40277K, committed 40768K, reserved 1089536K
  class space    used 5153K, committed 5376K, reserved 1048576K
}
Event: 4.334 GC heap after
{Heap after GC invocations=20 (full 0):
 garbage-first heap   total 141312K, used 71102K [0x0000000701e00000, 0x0000000800000000)
  region size 2048K, 2 young (4096K), 2 survivors (4096K)
 Metaspace       used 40277K, committed 40768K, reserved 1089536K
  class space    used 5153K, committed 5376K, reserved 1048576K
}
Event: 4.344 GC heap before
{Heap before GC invocations=20 (full 0):
 garbage-first heap   total 141312K, used 103870K [0x0000000701e00000, 0x0000000800000000)
  region size 2048K, 19 young (38912K), 2 survivors (4096K)
 Metaspace       used 40277K, committed 40768K, reserved 1089536K
  class space    used 5153K, committed 5376K, reserved 1048576K
}
Event: 4.347 GC heap after
{Heap after GC invocations=21 (full 0):
 garbage-first heap   total 321536K, used 72695K [0x0000000701e00000, 0x0000000800000000)
  region size 2048K, 3 young (6144K), 3 survivors (6144K)
 Metaspace       used 40277K, committed 40768K, reserved 1089536K
  class space    used 5153K, committed 5376K, reserved 1048576K
}
Event: 4.421 GC heap before
{Heap before GC invocations=21 (full 0):
 garbage-first heap   total 358400K, used 214007K [0x0000000701e00000, 0x0000000800000000)
  region size 2048K, 73 young (149504K), 3 survivors (6144K)
 Metaspace       used 40277K, committed 40768K, reserved 1089536K
  class space    used 5153K, committed 5376K, reserved 1048576K
}
Event: 4.428 GC heap after
{Heap after GC invocations=22 (full 0):
 garbage-first heap   total 358400K, used 78799K [0x0000000701e00000, 0x0000000800000000)
  region size 2048K, 6 young (12288K), 6 survivors (12288K)
 Metaspace       used 40277K, committed 40768K, reserved 1089536K
  class space    used 5153K, committed 5376K, reserved 1048576K
}
Event: 4.494 GC heap before
{Heap before GC invocations=23 (full 0):
 garbage-first heap   total 358400K, used 273359K [0x0000000701e00000, 0x0000000800000000)
  region size 2048K, 102 young (208896K), 6 survivors (12288K)
 Metaspace       used 40278K, committed 40768K, reserved 1089536K
  class space    used 5153K, committed 5376K, reserved 1048576K
}
Event: 4.502 GC heap after
{Heap after GC invocations=24 (full 0):
 garbage-first heap   total 358400K, used 85841K [0x0000000701e00000, 0x0000000800000000)
  region size 2048K, 9 young (18432K), 9 survivors (18432K)
 Metaspace       used 40278K, committed 40768K, reserved 1089536K
  class space    used 5153K, committed 5376K, reserved 1048576K
}
Event: 4.504 GC heap before
{Heap before GC invocations=24 (full 0):
 garbage-first heap   total 358400K, used 87889K [0x0000000701e00000, 0x0000000800000000)
  region size 2048K, 11 young (22528K), 9 survivors (18432K)
 Metaspace       used 40278K, committed 40768K, reserved 1089536K
  class space    used 5153K, committed 5376K, reserved 1048576K
}
Event: 4.516 GC heap after
{Heap after GC invocations=25 (full 0):
 garbage-first heap   total 358400K, used 87382K [0x0000000701e00000, 0x0000000800000000)
  region size 2048K, 2 young (4096K), 2 survivors (4096K)
 Metaspace       used 40278K, committed 40768K, reserved 1089536K
  class space    used 5153K, committed 5376K, reserved 1048576K
}
Event: 4.556 GC heap before
{Heap before GC invocations=25 (full 0):
 garbage-first heap   total 358400K, used 277846K [0x0000000701e00000, 0x0000000800000000)
  region size 2048K, 96 young (196608K), 2 survivors (4096K)
 Metaspace       used 40278K, committed 40768K, reserved 1089536K
  class space    used 5153K, committed 5376K, reserved 1048576K
}
Event: 4.560 GC heap after
{Heap after GC invocations=26 (full 0):
 garbage-first heap   total 358400K, used 92984K [0x0000000701e00000, 0x0000000800000000)
  region size 2048K, 5 young (10240K), 5 survivors (10240K)
 Metaspace       used 40278K, committed 40768K, reserved 1089536K
  class space    used 5153K, committed 5376K, reserved 1048576K
}
Event: 4.616 GC heap before
{Heap before GC invocations=26 (full 0):
 garbage-first heap   total 358400K, used 283448K [0x0000000701e00000, 0x0000000800000000)
  region size 2048K, 99 young (202752K), 5 survivors (10240K)
 Metaspace       used 40278K, committed 40768K, reserved 1089536K
  class space    used 5153K, committed 5376K, reserved 1048576K
}

