# JRE version: OpenJDK Runtime Environment Temurin-17.0.5+8 (17.0.5+8) (build 17.0.5+8)
# Java VM: OpenJDK 64-Bit Server VM Temurin-17.0.5+8 (17.0.5+8, mixed mode, emulated-client, tiered, compressed oops, compressed class ptrs, g1 gc, windows-amd64)
GC Precious Log:
 CPUs: 8 total, 8 available
 Memory: 16263M
 Large Page Support: Disabled
 NUMA Support: Disabled
 Compressed Oops: Enabled (Zero based)
 Heap Region Size: 2M
 Heap Min Capacity: 8M
 Heap Initial Capacity: 256M
 Heap Max Capacity: 4066M
 Pre-touch: Disabled
 Parallel Workers: 8
 Concurrent Workers: 2
 Concurrent Refinement Workers: 8
 Periodic GC: Disabled
Heap:
 garbage-first heap   total 360448K, used 102791K [0x0000000701e00000, 0x0000000800000000)
  region size 2048K, 9 young (18432K), 9 survivors (18432K)
 Metaspace       used 40293K, committed 40768K, reserved 1089536K
  class space    used 5153K, committed 5376K, reserved 1048576K
GC Heap History (20 events):
Event: 3.686 GC heap after
{Heap after GC invocations=12 (full 0):
 garbage-first heap   total 75776K, used 27949K [0x0000000701e00000, 0x0000000800000000)
  region size 2048K, 1 young (2048K), 1 survivors (2048K)
 Metaspace       used 36938K, committed 37376K, reserved 1089536K
  class space    used 4817K, committed 4992K, reserved 1048576K
}
Event: 3.760 GC heap before
{Heap before GC invocations=12 (full 0):
 garbage-first heap   total 75776K, used 50477K [0x0000000701e00000, 0x0000000800000000)
  region size 2048K, 13 young (26624K), 1 survivors (2048K)
 Metaspace       used 37620K, committed 38016K, reserved 1089536K
  class space    used 4897K, committed 5056K, reserved 1048576K
}
Event: 3.763 GC heap after
{Heap after GC invocations=13 (full 0):
 garbage-first heap   total 75776K, used 31541K [0x0000000701e00000, 0x0000000800000000)
  region size 2048K, 2 young (4096K), 2 survivors (4096K)
 Metaspace       used 37620K, committed 38016K, reserved 1089536K
  class space    used 4897K, committed 5056K, reserved 1048576K
}
Event: 3.827 GC heap before
{Heap before GC invocations=13 (full 0):
 garbage-first heap   total 75776K, used 52021K [0x0000000701e00000, 0x0000000800000000)
  region size 2048K, 13 young (26624K), 2 survivors (4096K)
 Metaspace       used 38272K, committed 38656K, reserved 1089536K
  class space    used 4934K, committed 5120K, reserved 1048576K
}
Event: 3.830 GC heap after
{Heap after GC invocations=14 (full 0):
 garbage-first heap   total 174080K, used 35733K [0x0000000701e00000, 0x0000000800000000)
  region size 2048K, 2 young (4096K), 2 survivors (4096K)
 Metaspace       used 38272K, committed 38656K, reserved 1089536K
  class space    used 4934K, committed 5120K, reserved 1048576K
}
Event: 4.103 GC heap before
{Heap before GC invocations=14 (full 0):
 garbage-first heap   total 174080K, used 113557K [0x0000000701e00000, 0x0000000800000000)
  region size 2048K, 41 young (83968K), 2 survivors (4096K)
 Metaspace       used 39825K, committed 40256K, reserved 1089536K
  class space    used 5104K, committed 5312K, reserved 1048576K
}
Event: 4.112 GC heap after
{Heap after GC invocations=15 (full 0):
 garbage-first heap   total 174080K, used 51140K [0x0000000701e00000, 0x0000000800000000)
  region size 2048K, 6 young (12288K), 6 survivors (12288K)
 Metaspace       used 39825K, committed 40256K, reserved 1089536K
  class space    used 5104K, committed 5312K, reserved 1048576K
}
Event: 4.220 GC heap before
{Heap before GC invocations=15 (full 0):
 garbage-first heap   total 174080K, used 110532K [0x0000000701e00000, 0x0000000800000000)
  region size 2048K, 36 young (73728K), 6 survivors (12288K)
 Metaspace       used 40185K, committed 40704K, reserved 1089536K
  class space    used 5140K, committed 5376K, reserved 1048576K
}
Event: 4.241 GC heap after
{Heap after GC invocations=16 (full 0):
 garbage-first heap   total 174080K, used 66271K [0x0000000701e00000, 0x0000000800000000)
  region size 2048K, 5 young (10240K), 5 survivors (10240K)
 Metaspace       used 40185K, committed 40704K, reserved 1089536K
  class space    used 5140K, committed 5376K, reserved 1048576K
}
Event: 4.253 GC heap before
{Heap before GC invocations=16 (full 0):
 garbage-first heap   total 174080K, used 117471K [0x0000000701e00000, 0x0000000800000000)
  region size 2048K, 31 young (63488K), 5 survivors (10240K)
 Metaspace       used 40196K, committed 40704K, reserved 1089536K
  class space    used 5140K, committed 5376K, reserved 1048576K
}
Event: 4.258 GC heap after
{Heap after GC invocations=17 (full 0):
 garbage-first heap   total 174080K, used 71287K [0x0000000701e00000, 0x0000000800000000)
  region size 2048K, 2 young (4096K), 2 survivors (4096K)
 Metaspace       used 40196K, committed 40704K, reserved 1089536K
  class space    used 5140K, committed 5376K, reserved 1048576K
}
Event: 4.269 GC heap before
{Heap before GC invocations=17 (full 0):
 garbage-first heap   total 174080K, used 124535K [0x0000000701e00000, 0x0000000800000000)
  region size 2048K, 29 young (59392K), 2 survivors (4096K)
 Metaspace       used 40211K, committed 40704K, reserved 1089536K
  class space    used 5146K, committed 5376K, reserved 1048576K
}
Event: 4.272 GC heap after
{Heap after GC invocations=18 (full 0):
 garbage-first heap   total 360448K, used 72585K [0x0000000701e00000, 0x0000000800000000)
  region size 2048K, 3 young (6144K), 3 survivors (6144K)
 Metaspace       used 40211K, committed 40704K, reserved 1089536K
  class space    used 5146K, committed 5376K, reserved 1048576K
}
Event: 4.324 GC heap before
{Heap before GC invocations=18 (full 0):
 garbage-first heap   total 360448K, used 238473K [0x0000000701e00000, 0x0000000800000000)
  region size 2048K, 85 young (174080K), 3 survivors (6144K)
 Metaspace       used 40293K, committed 40768K, reserved 1089536K
  class space    used 5153K, committed 5376K, reserved 1048576K
}
Event: 4.329 GC heap after
{Heap after GC invocations=19 (full 0):
 garbage-first heap   total 360448K, used 78590K [0x0000000701e00000, 0x0000000800000000)
  region size 2048K, 6 young (12288K), 6 survivors (12288K)
 Metaspace       used 40293K, committed 40768K, reserved 1089536K
  class space    used 5153K, committed 5376K, reserved 1048576K
}
Event: 4.368 GC heap before
{Heap before GC invocations=19 (full 0):
 garbage-first heap   total 360448K, used 271102K [0x0000000701e00000, 0x0000000800000000)
  region size 2048K, 102 young (208896K), 6 survivors (12288K)
 Metaspace       used 40293K, committed 40768K, reserved 1089536K
  class space    used 5153K, committed 5376K, reserved 1048576K
}
Event: 4.374 GC heap after
{Heap after GC invocations=20 (full 0):
 garbage-first heap   total 360448K, used 86463K [0x0000000701e00000, 0x0000000800000000)
  region size 2048K, 10 young (20480K), 10 survivors (20480K)
 Metaspace       used 40293K, committed 40768K, reserved 1089536K
  class space    used 5153K, committed 5376K, reserved 1048576K
}
Event: 4.430 GC heap before
{Heap before GC invocations=20 (full 0):
 garbage-first heap   total 360448K, used 276927K [0x0000000701e00000, 0x0000000800000000)
  region size 2048K, 104 young (212992K), 10 survivors (20480K)
 Metaspace       used 40293K, committed 40768K, reserved 1089536K
  class space    used 5153K, committed 5376K, reserved 1048576K
}
Event: 4.440 GC heap after
{Heap after GC invocations=21 (full 0):
 garbage-first heap   total 360448K, used 95560K [0x0000000701e00000, 0x0000000800000000)
  region size 2048K, 9 young (18432K), 9 survivors (18432K)
 Metaspace       used 40293K, committed 40768K, reserved 1089536K
  class space    used 5153K, committed 5376K, reserved 1048576K
}
Event: 4.500 GC heap before
{Heap before GC invocations=21 (full 0):
 garbage-first heap   total 360448K, used 281928K [0x0000000701e00000, 0x0000000800000000)
  region size 2048K, 101 young (206848K), 9 survivors (18432K)
 Metaspace       used 40293K, committed 40768K, reserved 1089536K
  class space    used 5153K, committed 5376K, reserved 1048576K
}

